<?xml version="1.0" encoding="UTF-8"?>
<!-- Generated by org.testng.reporters.JUnitReportReporter -->
<testsuite hostname="Onkar" failures="0" tests="1" name="selenium2k25.AreaOfCircleeTestNG" time="0.010" errors="0" timestamp="2025-06-20T17:13:32 IST" skipped="0">
  <testcase classname="selenium2k25.AreaOfCircleeTestNG" name="testAreaOfCircle" time="0.010"/>
</testsuite> <!-- selenium2k25.AreaOfCircleeTestNG -->
